\BOOKMARK [1][-]{section.1}{\376\377\000I\000n\000t\000r\000o\000d\000u\000c\000t\000i\000o\000n}{}% 1
\BOOKMARK [1][-]{section.2}{\376\377\000P\000r\000o\000b\000l\000e\000m\000\040\000B\000a\000c\000k\000g\000r\000o\000u\000n\000d\000\040\000a\000n\000d\000\040\000B\000r\000e\000w\000i\000n\000g\000\040\000A\000s\000s\000u\000m\000p\000t\000i\000o\000n\000s}{}% 2
\BOOKMARK [1][-]{section.3}{\376\377\000M\000o\000d\000e\000l\000\040\000S\000e\000t\000u\000p}{}% 3
\BOOKMARK [2][-]{subsection.3.1}{\376\377\000D\000e\000c\000i\000s\000i\000o\000n\000\040\000V\000a\000r\000i\000a\000b\000l\000e\000s}{section.3}% 4
\BOOKMARK [2][-]{subsection.3.2}{\376\377\000O\000b\000j\000e\000c\000t\000i\000v\000e\000\040\000F\000u\000n\000c\000t\000i\000o\000n}{section.3}% 5
\BOOKMARK [2][-]{subsection.3.3}{\376\377\000V\000o\000l\000u\000m\000e\000\040\000C\000o\000n\000s\000t\000r\000a\000i\000n\000t\000s}{section.3}% 6
\BOOKMARK [2][-]{subsection.3.4}{\376\377\000C\000o\000l\000o\000u\000r\000\040\000C\000o\000n\000s\000t\000r\000a\000i\000n\000t\000s}{section.3}% 7
\BOOKMARK [2][-]{subsection.3.5}{\376\377\000Q\000u\000a\000l\000i\000t\000y\000\040\000C\000o\000n\000s\000t\000r\000a\000i\000n\000t\000s}{section.3}% 8
\BOOKMARK [2][-]{subsection.3.6}{\376\377\000P\000r\000o\000c\000e\000s\000s\000\040\000C\000o\000n\000s\000t\000r\000a\000i\000n\000t\000s}{section.3}% 9
\BOOKMARK [2][-]{subsection.3.7}{\376\377\000L\000P\000\040\000R\000e\000l\000a\000x\000a\000t\000i\000o\000n\000\040\000a\000n\000d\000\040\000B\000r\000u\000t\000e\000-\000F\000o\000r\000c\000e\000\040\000S\000o\000l\000u\000t\000i\000o\000n}{section.3}% 10
\BOOKMARK [1][-]{section.4}{\376\377\000T\000a\000s\000k\000\040\0001\000:\000\040\000F\000i\000r\000s\000t\000\040\000A\000n\000a\000l\000y\000s\000i\000s}{}% 11
\BOOKMARK [2][-]{subsection.4.1}{\376\377\000B\000e\000e\000r\000\040\000V\000o\000l\000u\000m\000e\000\040\000f\000r\000o\000m\000\040\0002\0005\000.\0004\0004\000\040\000k\000g\000\040\000B\000a\000r\000l\000e\000y}{section.4}% 12
\BOOKMARK [2][-]{subsection.4.2}{\376\377\000C\000o\000s\000t\000\040\000F\000u\000n\000c\000t\000i\000o\000n\000s\000\040\000f\000o\000r\000\040\000S\000e\000p\000a\000r\000a\000t\000e\000\040\000M\000a\000l\000t\000-\000S\000o\000u\000r\000c\000e\000\040\000R\000o\000u\000t\000e\000s}{section.4}% 13
\BOOKMARK [2][-]{subsection.4.3}{\376\377\000C\000o\000m\000b\000i\000n\000e\000d\000\040\000M\000a\000l\000t\000-\000S\000o\000u\000r\000c\000e\000\040\000S\000o\000l\000u\000t\000i\000o\000n}{section.4}% 14
\BOOKMARK [1][-]{section.5}{\376\377\000T\000a\000s\000k\000\040\0002\000:\000\040\000L\000P\000\040\000a\000n\000d\000\040\000M\000I\000L\000P\000\040\000F\000o\000r\000m\000u\000l\000a\000t\000i\000o\000n}{}% 15
\BOOKMARK [2][-]{subsection.5.1}{\376\377\000M\000I\000L\000P\000\040\000F\000o\000r\000m\000u\000l\000a\000t\000i\000o\000n}{section.5}% 16
\BOOKMARK [2][-]{subsection.5.2}{\376\377\000L\000P\000\040\000R\000e\000l\000a\000x\000a\000t\000i\000o\000n}{section.5}% 17
\BOOKMARK [2][-]{subsection.5.3}{\376\377\000B\000r\000u\000t\000e\000-\000F\000o\000r\000c\000e\000\040\000M\000e\000t\000h\000o\000d}{section.5}% 18
\BOOKMARK [2][-]{subsection.5.4}{\376\377\000P\000r\000o\000g\000r\000a\000m\000m\000a\000t\000i\000c\000\040\000I\000m\000p\000l\000e\000m\000e\000n\000t\000a\000t\000i\000o\000n}{section.5}% 19
\BOOKMARK [1][-]{section.6}{\376\377\000T\000a\000s\000k\000\040\0003\000:\000\040\0005\0000\0000\0000\000\040\000L\000i\000t\000r\000e\000\040\000A\000m\000b\000e\000r\000\040\000B\000e\000e\000r}{}% 20
\BOOKMARK [2][-]{subsection.6.1}{\376\377\000P\000r\000o\000b\000l\000e\000m\000\040\000S\000e\000t\000u\000p}{section.6}% 21
\BOOKMARK [2][-]{subsection.6.2}{\376\377\000L\000P\000\040\000R\000e\000l\000a\000x\000a\000t\000i\000o\000n\000\040\000R\000e\000s\000u\000l\000t}{section.6}% 22
\BOOKMARK [2][-]{subsection.6.3}{\376\377\000W\000h\000y\000\040\000M\000o\000s\000t\000\040\000I\000n\000g\000r\000e\000d\000i\000e\000n\000t\000s\000\040\000A\000r\000e\000\040\000U\000n\000u\000s\000e\000d}{section.6}% 23
\BOOKMARK [2][-]{subsection.6.4}{\376\377\000R\000o\000u\000n\000d\000e\000d\000\040\000R\000e\000l\000a\000x\000a\000t\000i\000o\000n}{section.6}% 24
\BOOKMARK [2][-]{subsection.6.5}{\376\377\000O\000r\000i\000g\000i\000n\000a\000l\000\040\000M\000I\000L\000P\000\040\000R\000e\000s\000u\000l\000t}{section.6}% 25
\BOOKMARK [1][-]{section.7}{\376\377\000T\000a\000s\000k\000\040\0004\000:\000\040\000L\000e\000s\000s\000\040\000o\000r\000\040\000M\000o\000r\000e\000?}{}% 26
\BOOKMARK [2][-]{subsection.7.1}{\376\377\000R\000e\000s\000u\000l\000t\000s\000\040\000f\000o\000r\000\040\0005\0000\000\040\000L\000\040\000a\000n\000d\000\040\0002\0005\0000\0000\0000\000\040\000L}{section.7}% 27
\BOOKMARK [2][-]{subsection.7.2}{\376\377\000M\000a\000r\000k\000e\000d\000\040\000C\000o\000s\000t\000s\000\040\000o\000n\000\040\000T\000a\000s\000k\000\040\0001\000\040\000P\000l\000o\000t}{section.7}% 28
\BOOKMARK [2][-]{subsection.7.3}{\376\377\000C\000o\000s\000t\000\040\000p\000e\000r\000\040\000L\000i\000t\000r\000e\000\040\000D\000i\000s\000c\000u\000s\000s\000i\000o\000n}{section.7}% 29
\BOOKMARK [1][-]{section.8}{\376\377\000T\000a\000s\000k\000\040\0005\000:\000\040\000F\000u\000l\000l\000\040\000P\000r\000o\000b\000l\000e\000m\000\040\000w\000i\000t\000h\000\040\000Q\000u\000a\000l\000i\000t\000y\000\040\000C\000o\000n\000s\000t\000r\000a\000i\000n\000t\000s}{}% 30
\BOOKMARK [2][-]{subsection.8.1}{\376\377\000P\000r\000o\000b\000l\000e\000m\000\040\000S\000e\000t\000u\000p}{section.8}% 31
\BOOKMARK [2][-]{subsection.8.2}{\376\377\000O\000p\000t\000i\000m\000a\000l\000\040\000S\000o\000l\000u\000t\000i\000o\000n}{section.8}% 32
\BOOKMARK [2][-]{subsection.8.3}{\376\377\000C\000o\000m\000p\000a\000r\000i\000s\000o\000n\000\040\000w\000i\000t\000h\000\040\000T\000a\000s\000k\000\040\0003}{section.8}% 33
\BOOKMARK [1][-]{section.9}{\376\377\000T\000a\000s\000k\000\040\0006\000:\000\040\000F\000r\000o\000m\000\040\000L\000i\000g\000h\000t\000\040\000B\000l\000o\000n\000d\000\040\000t\000o\000\040\000B\000l\000a\000c\000k}{}% 34
\BOOKMARK [2][-]{subsection.9.1}{\376\377\000R\000e\000s\000u\000l\000t\000s\000\040\000f\000o\000r\000\040\000A\000l\000l\000\040\000B\000e\000e\000r\000\040\000C\000o\000l\000o\000u\000r\000s}{section.9}% 35
\BOOKMARK [2][-]{subsection.9.2}{\376\377\000C\000o\000s\000t\000\040\000a\000s\000\040\000a\000\040\000F\000u\000n\000c\000t\000i\000o\000n\000\040\000o\000f\000\040\000B\000e\000e\000r\000\040\000C\000o\000l\000o\000u\000r}{section.9}% 36
\BOOKMARK [2][-]{subsection.9.3}{\376\377\000E\000x\000p\000l\000a\000n\000a\000t\000i\000o\000n}{section.9}% 37
\BOOKMARK [1][-]{section.10}{\376\377\000T\000a\000s\000k\000\040\0007\000:\000\040\000M\000a\000x\000i\000m\000i\000s\000i\000n\000g\000\040\000t\000h\000e\000\040\000Q\000u\000a\000l\000i\000t\000y}{}% 38
\BOOKMARK [2][-]{subsection.10.1}{\376\377\000N\000e\000w\000\040\000O\000b\000j\000e\000c\000t\000i\000v\000e}{section.10}% 39
\BOOKMARK [2][-]{subsection.10.2}{\376\377\000Q\000u\000a\000l\000i\000t\000y\000\040\000C\000o\000n\000s\000t\000r\000a\000i\000n\000t\000s}{section.10}% 40
\BOOKMARK [2][-]{subsection.10.3}{\376\377\000C\000a\000n\000\040\000t\000h\000e\000\040\000M\000i\000n\000i\000m\000u\000m\000\040\000Q\000u\000a\000l\000i\000t\000y\000\040\000B\000e\000\040\0005\000?}{section.10}% 41
\BOOKMARK [1][-]{section.11}{\376\377\000C\000o\000n\000c\000l\000u\000s\000i\000o\000n}{}% 42
